# JRE version: Java(TM) SE Runtime Environment (17.0.5+9) (build 17.0.5+9-LTS-191)
# Java VM: Java HotSpot(TM) 64-Bit Server VM (17.0.5+9-LTS-191, mixed mode, sharing, tiered, compressed oops, compressed class ptrs, g1 gc, windows-amd64)
GC Precious Log:
 CPUs: 12 total, 12 available
 Memory: 16163M
 Large Page Support: Disabled
 NUMA Support: Disabled
 Compressed Oops: Enabled (32-bit)
 Heap Region Size: 1M
 Heap Min Capacity: 8M
 Heap Initial Capacity: 254M
 Heap Max Capacity: 2G
 Pre-touch: Disabled
 Parallel Workers: 10
 Concurrent Workers: 3
 Concurrent Refinement Workers: 10
 Periodic GC: Disabled
Heap:
 garbage-first heap   total 220160K, used 162405K [0x0000000080000000, 0x0000000100000000)
  region size 1024K, 3 young (3072K), 3 survivors (3072K)
 Metaspace       used 101160K, committed 102336K, reserved 512000K
  class space    used 13921K, committed 14528K, reserved 421888K
GC Heap History (20 events):
Event: 15.962 GC heap after
{Heap after GC invocations=54 (full 0):
 garbage-first heap   total 183296K, used 131518K [0x0000000080000000, 0x0000000100000000)
  region size 1024K, 3 young (3072K), 3 survivors (3072K)
 Metaspace       used 96866K, committed 97920K, reserved 512000K
  class space    used 13340K, committed 13824K, reserved 421888K
}
Event: 16.035 GC heap before
{Heap before GC invocations=54 (full 0):
 garbage-first heap   total 183296K, used 154046K [0x0000000080000000, 0x0000000100000000)
  region size 1024K, 26 young (26624K), 3 survivors (3072K)
 Metaspace       used 97067K, committed 98112K, reserved 512000K
  class space    used 13364K, committed 13824K, reserved 421888K
}
Event: 16.038 GC heap after
{Heap after GC invocations=55 (full 0):
 garbage-first heap   total 183296K, used 133209K [0x0000000080000000, 0x0000000100000000)
  region size 1024K, 2 young (2048K), 2 survivors (2048K)
 Metaspace       used 97067K, committed 98112K, reserved 512000K
  class space    used 13364K, committed 13824K, reserved 421888K
}
Event: 16.140 GC heap before
{Heap before GC invocations=55 (full 0):
 garbage-first heap   total 183296K, used 154713K [0x0000000080000000, 0x0000000100000000)
  region size 1024K, 24 young (24576K), 2 survivors (2048K)
 Metaspace       used 97820K, committed 98944K, reserved 512000K
  class space    used 13551K, committed 14080K, reserved 421888K
}
Event: 16.142 GC heap after
{Heap after GC invocations=56 (full 0):
 garbage-first heap   total 183296K, used 134729K [0x0000000080000000, 0x0000000100000000)
  region size 1024K, 2 young (2048K), 2 survivors (2048K)
 Metaspace       used 97820K, committed 98944K, reserved 512000K
  class space    used 13551K, committed 14080K, reserved 421888K
}
Event: 16.321 GC heap before
{Heap before GC invocations=56 (full 0):
 garbage-first heap   total 183296K, used 156233K [0x0000000080000000, 0x0000000100000000)
  region size 1024K, 24 young (24576K), 2 survivors (2048K)
 Metaspace       used 98241K, committed 99328K, reserved 512000K
  class space    used 13612K, committed 14144K, reserved 421888K
}
Event: 16.323 GC heap after
{Heap after GC invocations=57 (full 0):
 garbage-first heap   total 220160K, used 135665K [0x0000000080000000, 0x0000000100000000)
  region size 1024K, 3 young (3072K), 3 survivors (3072K)
 Metaspace       used 98241K, committed 99328K, reserved 512000K
  class space    used 13612K, committed 14144K, reserved 421888K
}
Event: 17.242 GC heap before
{Heap before GC invocations=57 (full 0):
 garbage-first heap   total 220160K, used 182769K [0x0000000080000000, 0x0000000100000000)
  region size 1024K, 49 young (50176K), 3 survivors (3072K)
 Metaspace       used 98249K, committed 99328K, reserved 512000K
  class space    used 13612K, committed 14144K, reserved 421888K
}
Event: 17.247 GC heap after
{Heap after GC invocations=58 (full 0):
 garbage-first heap   total 220160K, used 141502K [0x0000000080000000, 0x0000000100000000)
  region size 1024K, 7 young (7168K), 7 survivors (7168K)
 Metaspace       used 98249K, committed 99328K, reserved 512000K
  class space    used 13612K, committed 14144K, reserved 421888K
}
Event: 17.472 GC heap before
{Heap before GC invocations=58 (full 0):
 garbage-first heap   total 220160K, used 182462K [0x0000000080000000, 0x0000000100000000)
  region size 1024K, 48 young (49152K), 7 survivors (7168K)
 Metaspace       used 98608K, committed 99776K, reserved 512000K
  class space    used 13640K, committed 14208K, reserved 421888K
}
Event: 17.477 GC heap after
{Heap after GC invocations=59 (full 0):
 garbage-first heap   total 220160K, used 145169K [0x0000000080000000, 0x0000000100000000)
  region size 1024K, 4 young (4096K), 4 survivors (4096K)
 Metaspace       used 98608K, committed 99776K, reserved 512000K
  class space    used 13640K, committed 14208K, reserved 421888K
}
Event: 17.695 GC heap before
{Heap before GC invocations=59 (full 0):
 garbage-first heap   total 220160K, used 184081K [0x0000000080000000, 0x0000000100000000)
  region size 1024K, 43 young (44032K), 4 survivors (4096K)
 Metaspace       used 98896K, committed 100096K, reserved 512000K
  class space    used 13658K, committed 14208K, reserved 421888K
}
Event: 17.698 GC heap after
{Heap after GC invocations=60 (full 0):
 garbage-first heap   total 220160K, used 148227K [0x0000000080000000, 0x0000000100000000)
  region size 1024K, 3 young (3072K), 3 survivors (3072K)
 Metaspace       used 98896K, committed 100096K, reserved 512000K
  class space    used 13658K, committed 14208K, reserved 421888K
}
Event: 17.829 GC heap before
{Heap before GC invocations=60 (full 0):
 garbage-first heap   total 220160K, used 186115K [0x0000000080000000, 0x0000000100000000)
  region size 1024K, 41 young (41984K), 3 survivors (3072K)
 Metaspace       used 99094K, committed 100224K, reserved 512000K
  class space    used 13672K, committed 14208K, reserved 421888K
}
Event: 17.832 GC heap after
{Heap after GC invocations=61 (full 0):
 garbage-first heap   total 220160K, used 150599K [0x0000000080000000, 0x0000000100000000)
  region size 1024K, 6 young (6144K), 6 survivors (6144K)
 Metaspace       used 99094K, committed 100224K, reserved 512000K
  class space    used 13672K, committed 14208K, reserved 421888K
}
Event: 18.034 GC heap before
{Heap before GC invocations=61 (full 0):
 garbage-first heap   total 220160K, used 186439K [0x0000000080000000, 0x0000000100000000)
  region size 1024K, 42 young (43008K), 6 survivors (6144K)
 Metaspace       used 99859K, committed 100992K, reserved 512000K
  class space    used 13770K, committed 14336K, reserved 421888K
}
Event: 18.038 GC heap after
{Heap after GC invocations=62 (full 0):
 garbage-first heap   total 220160K, used 154101K [0x0000000080000000, 0x0000000100000000)
  region size 1024K, 6 young (6144K), 6 survivors (6144K)
 Metaspace       used 99859K, committed 100992K, reserved 512000K
  class space    used 13770K, committed 14336K, reserved 421888K
}
Event: 18.267 GC heap before
{Heap before GC invocations=62 (full 0):
 garbage-first heap   total 220160K, used 186869K [0x0000000080000000, 0x0000000100000000)
  region size 1024K, 39 young (39936K), 6 survivors (6144K)
 Metaspace       used 101018K, committed 102208K, reserved 512000K
  class space    used 13909K, committed 14528K, reserved 421888K
}
Event: 18.271 GC heap after
{Heap after GC invocations=63 (full 0):
 garbage-first heap   total 220160K, used 159470K [0x0000000080000000, 0x0000000100000000)
  region size 1024K, 5 young (5120K), 5 survivors (5120K)
 Metaspace       used 101018K, committed 102208K, reserved 512000K
  class space    used 13909K, committed 14528K, reserved 421888K
}
Event: 18.372 GC heap before
{Heap before GC invocations=63 (full 0):
 garbage-first heap   total 220160K, used 186094K [0x0000000080000000, 0x0000000100000000)
  region size 1024K, 32 young (32768K), 5 survivors (5120K)
 Metaspace       used 101160K, committed 102336K, reserved 512000K
  class space    used 13921K, committed 14528K, reserved 421888K
}

